<table border="0" width="100%"><tr>
<td width="50%" align="center">
<a href="MAME v0.90 (cm).zip">MAME v0.90 (cm).zip</a> (2068KB)<br/>
<a href="MAME v0.89 (cm).zip">MAME v0.89 (cm).zip</a> (2012KB)<br/>
<a href="MAME v0.88 (cm).zip">MAME v0.88 (cm).zip</a> (2020KB)<br/>
<a href="MAME v0.87 (cm).zip">MAME v0.87 (cm).zip</a> (1908KB)<br/>
<a href="MAME v0.86 (cm).zip">MAME v0.86 (cm).zip</a> (1816KB)<br/>
<a href="MAME v0.85 (cm).zip">MAME v0.85 (cm).zip</a> (1832KB)<br/>
<a href="MAME v0.84 (cm).zip">MAME v0.84 (cm).zip</a> (1836KB)<br/>
<a href="MAME v0.83 (cm).zip">MAME v0.83 (cm).zip</a> (660KB)<br/>
<a href="MAME v0.82 (cm).zip">MAME v0.82 (cm).zip</a> (684KB)<br/>
<a href="MAME v0.81 (cm).zip">MAME v0.81 (cm).zip</a> (656KB)<br/>
<a href="MAME v0.80 (cm).zip">MAME v0.80 (cm).zip</a> (664KB)<br/>
<a href="MAME v0.79 (cm).zip">MAME v0.79 (cm).zip</a> (652KB)<br/>
<a href="MAME v0.78 (cm).zip">MAME v0.78 (cm).zip</a> (652KB)<br/>
<a href="MAME v0.77 (cm).zip">MAME v0.77 (cm).zip</a> (724KB)<br/>
<a href="MAME v0.76 (cm).zip">MAME v0.76 (cm).zip</a> (592KB)<br/>
<a href="MAME v0.75 (cm).zip">MAME v0.75 (cm).zip</a> (844KB)<br/>
<a href="MAME v0.74 (cm).zip">MAME v0.74 (cm).zip</a> (544KB)<br/>
<a href="MAME v0.73 (cm).zip">MAME v0.73 (cm).zip</a> (552KB)<br/>
<a href="MAME v0.72 (cm).zip">MAME v0.72 (cm).zip</a> (568KB)<br/>
<a href="MAME v0.71 (cm).zip">MAME v0.71 (cm).zip</a> (548KB)<br/>
<a href="MAME v0.70 (cm).zip">MAME v0.70 (cm).zip</a> (588KB)<br/>
<a href="MAME v0.69 (cm).zip">MAME v0.69 (cm).zip</a> (584KB)<br/>
<a href="MAME v0.68 (cm).zip">MAME v0.68 (cm).zip</a> (644KB)<br/>
<a href="MAME v0.67 (cm).zip">MAME v0.67 (cm).zip</a> (584KB)<br/>
<a href="MAME v0.66 (cm).zip">MAME v0.66 (cm).zip</a> (572KB)<br/>
<a href="MAME v0.65 (cm).zip">MAME v0.65 (cm).zip</a> (552KB)<br/>
<a href="MAME v0.64 (cm).zip">MAME v0.64 (cm).zip</a> (564KB)<br/>
<a href="MAME v0.63 (cm).zip">MAME v0.63 (cm).zip</a> (612KB)<br/>
<a href="MAME v0.62 (cm).zip">MAME v0.62 (cm).zip</a> (628KB)<br/>
<a href="MAME v0.61 (cm).zip">MAME v0.61 (cm).zip</a> (584KB)<br/>
<a href="MAME v0.60 (cm).zip">MAME v0.60 (cm).zip</a> (544KB)<br/>
<a href="MAME v0.59 (cm).zip">MAME v0.59 (cm).zip</a> (464KB)<br/>
<a href="MAME v0.58 (cm).zip">MAME v0.58 (cm).zip</a> (464KB)<br/>
<a href="MAME v0.57 (cm).zip">MAME v0.57 (cm).zip</a> (460KB)<br/>
<a href="MAME v0.56 (cm).zip">MAME v0.56 (cm).zip</a> (448KB)<br/>
<a href="MAME v0.55 (cm).zip">MAME v0.55 (cm).zip</a> (444KB)<br/>
<a href="MAME v0.54 (cm).zip">MAME v0.54 (cm).zip</a> (440KB)<br/>
<a href="MAME v0.53 (cm).zip">MAME v0.53 (cm).zip</a> (440KB)<br/>
<a href="MAME v0.37 beta 9 (cm).zip">MAME v0.37 beta 9 (cm).zip</a> (352KB)<br/>
<a href="MAME v0.37 beta 8 (cm).zip">MAME v0.37 beta 8 (cm).zip</a> (356KB)<br/>
<a href="MAME v0.37 beta 7 (cm).zip">MAME v0.37 beta 7 (cm).zip</a> (344KB)<br/>
<a href="MAME v0.37 beta 6 (cm).zip">MAME v0.37 beta 6 (cm).zip</a> (340KB)<br/>
<a href="MAME v0.37 beta 5 (cm).zip">MAME v0.37 beta 5 (cm).zip</a> (336KB)<br/>
<a href="MAME v0.37 beta 4 (cm).zip">MAME v0.37 beta 4 (cm).zip</a> (316KB)<br/>
<a href="MAME v0.37 beta 3 (cm).zip">MAME v0.37 beta 3 (cm).zip</a> (316KB)<br/>
<a href="MAME v0.37 beta 2 (cm).zip">MAME v0.37 beta 2 (cm).zip</a> (304KB)<br/>
<a href="MAME v0.37 beta 16 (cm).zip">MAME v0.37 beta 16 (cm).zip</a> (428KB)<br/>
<a href="MAME v0.37 beta 15 (cm).zip">MAME v0.37 beta 15 (cm).zip</a> (420KB)<br/>
<a href="MAME v0.37 beta 14 (cm).zip">MAME v0.37 beta 14 (cm).zip</a> (412KB)<br/>
<a href="MAME v0.37 beta 13 (cm).zip">MAME v0.37 beta 13 (cm).zip</a> (408KB)<br/>
<a href="MAME v0.37 beta 12 (cm).zip">MAME v0.37 beta 12 (cm).zip</a> (400KB)<br/>
<a href="MAME v0.37 beta 11 (cm).zip">MAME v0.37 beta 11 (cm).zip</a> (388KB)<br/>
<a href="MAME v0.37 beta 10 (cm).zip">MAME v0.37 beta 10 (cm).zip</a> (372KB)<br/>
<a href="MAME v0.37 beta 1 (cm).zip">MAME v0.37 beta 1 (cm).zip</a> (300KB)<br/>
<a href="MAME v0.36 (cm).zip">MAME v0.36 (cm).zip</a> (300KB)<br/>
</td>
<td width="50%" align="center">
<a href="MAME v0.90 (rc).zip">MAME v0.90 (rc).zip</a> (880KB)<br/>
<a href="MAME v0.89 (rc).zip">MAME v0.89 (rc).zip</a> (856KB)<br/>
<a href="MAME v0.88 (rc).zip">MAME v0.88 (rc).zip</a> (856KB)<br/>
<a href="MAME v0.87 (rc).zip">MAME v0.87 (rc).zip</a> (804KB)<br/>
<a href="MAME v0.86 (rc).zip">MAME v0.86 (rc).zip</a> (756KB)<br/>
<a href="MAME v0.85 (rc).zip">MAME v0.85 (rc).zip</a> (768KB)<br/>
<a href="MAME v0.84 (rc).zip">MAME v0.84 (rc).zip</a> (768KB)<br/>
<a href="MAME v0.83 (rc).zip">MAME v0.83 (rc).zip</a> (744KB)<br/>
<a href="MAME v0.82 (rc).zip">MAME v0.82 (rc).zip</a> (768KB)<br/>
<a href="MAME v0.81 (rc).zip">MAME v0.81 (rc).zip</a> (740KB)<br/>
<a href="MAME v0.80 (rc).zip">MAME v0.80 (rc).zip</a> (748KB)<br/>
<a href="MAME v0.79 (rc).zip">MAME v0.79 (rc).zip</a> (736KB)<br/>
<a href="MAME v0.78 (rc).zip">MAME v0.78 (rc).zip</a> (732KB)<br/>
<a href="MAME v0.77 (rc).zip">MAME v0.77 (rc).zip</a> (804KB)<br/>
<a href="MAME v0.76 (rc).zip">MAME v0.76 (rc).zip</a> (664KB)<br/>
<a href="MAME v0.75 (rc).zip">MAME v0.75 (rc).zip</a> (916KB)<br/>
<a href="MAME v0.74 (rc).zip">MAME v0.74 (rc).zip</a> (608KB)<br/>
<a href="MAME v0.73 (rc).zip">MAME v0.73 (rc).zip</a> (620KB)<br/>
<a href="MAME v0.72 (rc).zip">MAME v0.72 (rc).zip</a> (632KB)<br/>
<a href="MAME v0.71 (rc).zip">MAME v0.71 (rc).zip</a> (616KB)<br/>
<a href="MAME v0.70 (rc).zip">MAME v0.70 (rc).zip</a> (644KB)<br/>
<a href="MAME v0.69 (rc).zip">MAME v0.69 (rc).zip</a> (636KB)<br/>
<a href="MAME v0.68 (rc).zip">MAME v0.68 (rc).zip</a> (696KB)<br/>
<a href="MAME v0.67 (rc).zip">MAME v0.67 (rc).zip</a> (632KB)<br/>
<a href="MAME v0.66 (rc).zip">MAME v0.66 (rc).zip</a> (620KB)<br/>
<a href="MAME v0.65 (rc).zip">MAME v0.65 (rc).zip</a> (604KB)<br/>
<a href="MAME v0.64 (rc).zip">MAME v0.64 (rc).zip</a> (612KB)<br/>
<a href="MAME v0.63 (rc).zip">MAME v0.63 (rc).zip</a> (660KB)<br/>
<a href="MAME v0.62 (rc).zip">MAME v0.62 (rc).zip</a> (672KB)<br/>
<a href="MAME v0.61 (rc).zip">MAME v0.61 (rc).zip</a> (632KB)<br/>
<a href="MAME v0.60 (rc).zip">MAME v0.60 (rc).zip</a> (588KB)<br/>
<a href="MAME v0.59 (rc).zip">MAME v0.59 (rc).zip</a> (508KB)<br/>
<a href="MAME v0.58 (rc).zip">MAME v0.58 (rc).zip</a> (504KB)<br/>
<a href="MAME v0.57 (rc).zip">MAME v0.57 (rc).zip</a> (500KB)<br/>
<a href="MAME v0.56 (rc).zip">MAME v0.56 (rc).zip</a> (488KB)<br/>
<a href="MAME v0.55 (rc).zip">MAME v0.55 (rc).zip</a> (484KB)<br/>
<a href="MAME v0.54 (rc).zip">MAME v0.54 (rc).zip</a> (480KB)<br/>
<a href="MAME v0.53 (rc).zip">MAME v0.53 (rc).zip</a> (480KB)<br/>
<a href="MAME v0.37 beta 9 (rc).zip">MAME v0.37 beta 9 (rc).zip</a> (372KB)<br/>
<a href="MAME v0.37 beta 8 (rc).zip">MAME v0.37 beta 8 (rc).zip</a> (372KB)<br/>
<a href="MAME v0.37 beta 7 (rc).zip">MAME v0.37 beta 7 (rc).zip</a> (356KB)<br/>
<a href="MAME v0.37 beta 6 (rc).zip">MAME v0.37 beta 6 (rc).zip</a> (352KB)<br/>
<a href="MAME v0.37 beta 5 (rc).zip">MAME v0.37 beta 5 (rc).zip</a> (344KB)<br/>
<a href="MAME v0.37 beta 4 (rc).zip">MAME v0.37 beta 4 (rc).zip</a> (332KB)<br/>
<a href="MAME v0.37 beta 3 (rc).zip">MAME v0.37 beta 3 (rc).zip</a> (332KB)<br/>
<a href="MAME v0.37 beta 2 (rc).zip">MAME v0.37 beta 2 (rc).zip</a> (324KB)<br/>
<a href="MAME v0.37 beta 16 (rc).zip">MAME v0.37 beta 16 (rc).zip</a> (464KB)<br/>
<a href="MAME v0.37 beta 15 (rc).zip">MAME v0.37 beta 15 (rc).zip</a> (456KB)<br/>
<a href="MAME v0.37 beta 14 (rc).zip">MAME v0.37 beta 14 (rc).zip</a> (444KB)<br/>
<a href="MAME v0.37 beta 13 (rc).zip">MAME v0.37 beta 13 (rc).zip</a> (448KB)<br/>
<a href="MAME v0.37 beta 12 (rc).zip">MAME v0.37 beta 12 (rc).zip</a> (432KB)<br/>
<a href="MAME v0.37 beta 11 (rc).zip">MAME v0.37 beta 11 (rc).zip</a> (400KB)<br/>
<a href="MAME v0.37 beta 10 (rc).zip">MAME v0.37 beta 10 (rc).zip</a> (384KB)<br/>
<a href="MAME v0.37 beta 1 (rc).zip">MAME v0.37 beta 1 (rc).zip</a> (332KB)<br/>
<a href="MAME v0.36 (rc).zip">MAME v0.36 (rc).zip</a> (316KB)<br/>
</td>
</tr></table>
