<table border="0" width="100%"><tr>
<td width="50%" align="center">
<a href="MAME Changes v0.90 (cm).zip">MAME Changes v0.90 (cm).zip</a> (220KB)<br/>
<a href="MAME Changes v0.89 (cm).zip">MAME Changes v0.89 (cm).zip</a> (216KB)<br/>
<a href="MAME Changes v0.88 (cm).zip">MAME Changes v0.88 (cm).zip</a> (208KB)<br/>
<a href="MAME Changes v0.87 (cm).zip">MAME Changes v0.87 (cm).zip</a> (136KB)<br/>
<a href="MAME Changes v0.86 (cm).zip">MAME Changes v0.86 (cm).zip</a> (68KB)<br/>
<a href="MAME Changes v0.85 (cm).zip">MAME Changes v0.85 (cm).zip</a> (88KB)<br/>
<a href="MAME Changes v0.84 (cm).zip">MAME Changes v0.84 (cm).zip</a> (88KB)<br/>
<a href="MAME Changes v0.83 (cm).zip">MAME Changes v0.83 (cm).zip</a> (28KB)<br/>
<a href="MAME Changes v0.82 (cm).zip">MAME Changes v0.82 (cm).zip</a> (60KB)<br/>
<a href="MAME Changes v0.81 (cm).zip">MAME Changes v0.81 (cm).zip</a> (44KB)<br/>
<a href="MAME Changes v0.80 (cm).zip">MAME Changes v0.80 (cm).zip</a> (108KB)<br/>
<a href="MAME Changes v0.79 (cm).zip">MAME Changes v0.79 (cm).zip</a> (76KB)<br/>
<a href="MAME Changes v0.78 (cm).zip">MAME Changes v0.78 (cm).zip</a> (60KB)<br/>
<a href="MAME Changes v0.77 (cm).zip">MAME Changes v0.77 (cm).zip</a> (100KB)<br/>
<a href="MAME Changes v0.76 (cm).zip">MAME Changes v0.76 (cm).zip</a> (16KB)<br/>
<a href="MAME Changes v0.75 (cm).zip">MAME Changes v0.75 (cm).zip</a> (200KB)<br/>
<a href="MAME Changes v0.74 (cm).zip">MAME Changes v0.74 (cm).zip</a> (16KB)<br/>
<a href="MAME Changes v0.73 (cm).zip">MAME Changes v0.73 (cm).zip</a> (32KB)<br/>
<a href="MAME Changes v0.72 (cm).zip">MAME Changes v0.72 (cm).zip</a> (44KB)<br/>
<a href="MAME Changes v0.71 (cm).zip">MAME Changes v0.71 (cm).zip</a> (40KB)<br/>
<a href="MAME Changes v0.70 (cm).zip">MAME Changes v0.70 (cm).zip</a> (32KB)<br/>
<a href="MAME Changes v0.69 (cm).zip">MAME Changes v0.69 (cm).zip</a> (88KB)<br/>
<a href="MAME Changes v0.68 (cm).zip">MAME Changes v0.68 (cm).zip</a> (140KB)<br/>
<a href="MAME Changes v0.67 (cm).zip">MAME Changes v0.67 (cm).zip</a> (28KB)<br/>
<a href="MAME Changes v0.66 (cm).zip">MAME Changes v0.66 (cm).zip</a> (32KB)<br/>
<a href="MAME Changes v0.65 (cm).zip">MAME Changes v0.65 (cm).zip</a> (28KB)<br/>
<a href="MAME Changes v0.64 (cm).zip">MAME Changes v0.64 (cm).zip</a> (32KB)<br/>
<a href="MAME Changes v0.63 (cm).zip">MAME Changes v0.63 (cm).zip</a> (76KB)<br/>
<a href="MAME Changes v0.62 (cm).zip">MAME Changes v0.62 (cm).zip</a> (128KB)<br/>
<a href="MAME Changes v0.61 (cm).zip">MAME Changes v0.61 (cm).zip</a> (100KB)<br/>
<a href="MAME Changes v0.60 (cm).zip">MAME Changes v0.60 (cm).zip</a> (104KB)<br/>
<a href="MAME Changes v0.59 (cm).zip">MAME Changes v0.59 (cm).zip</a> (164KB)<br/>
<a href="MAME Changes v0.58 (cm).zip">MAME Changes v0.58 (cm).zip</a> (28KB)<br/>
<a href="MAME Changes v0.57 (cm).zip">MAME Changes v0.57 (cm).zip</a> (76KB)<br/>
<a href="MAME Changes v0.56 (cm).zip">MAME Changes v0.56 (cm).zip</a> (116KB)<br/>
<a href="MAME Changes v0.55 (cm).zip">MAME Changes v0.55 (cm).zip</a> (28KB)<br/>
<a href="MAME Changes v0.54 (cm).zip">MAME Changes v0.54 (cm).zip</a> (12KB)<br/>
<a href="MAME Changes v0.53 (cm).zip">MAME Changes v0.53 (cm).zip</a> (96KB)<br/>
<a href="MAME Changes v0.37 beta 16 (cm).zip">MAME Changes v0.37 beta 16 (cm).zip</a> (64KB)<br/>
<a href="MAME Changes v0.37 beta 15 (cm).zip">MAME Changes v0.37 beta 15 (cm).zip</a> (64KB)<br/>
<a href="MAME Changes v0.37 beta 14 (cm).zip">MAME Changes v0.37 beta 14 (cm).zip</a> (40KB)<br/>
</td>
<td width="50%" align="center">
<a href="MAME Changes v0.90 (rc).zip">MAME Changes v0.90 (rc).zip</a> (92KB)<br/>
<a href="MAME Changes v0.89 (rc).zip">MAME Changes v0.89 (rc).zip</a> (84KB)<br/>
<a href="MAME Changes v0.88 (rc).zip">MAME Changes v0.88 (rc).zip</a> (84KB)<br/>
<a href="MAME Changes v0.87 (rc).zip">MAME Changes v0.87 (rc).zip</a> (56KB)<br/>
<a href="MAME Changes v0.86 (rc).zip">MAME Changes v0.86 (rc).zip</a> (28KB)<br/>
<a href="MAME Changes v0.85 (rc).zip">MAME Changes v0.85 (rc).zip</a> (32KB)<br/>
<a href="MAME Changes v0.84 (rc).zip">MAME Changes v0.84 (rc).zip</a> (36KB)<br/>
<a href="MAME Changes v0.83 (rc).zip">MAME Changes v0.83 (rc).zip</a> (28KB)<br/>
<a href="MAME Changes v0.82 (rc).zip">MAME Changes v0.82 (rc).zip</a> (60KB)<br/>
<a href="MAME Changes v0.81 (rc).zip">MAME Changes v0.81 (rc).zip</a> (48KB)<br/>
<a href="MAME Changes v0.80 (rc).zip">MAME Changes v0.80 (rc).zip</a> (120KB)<br/>
<a href="MAME Changes v0.79 (rc).zip">MAME Changes v0.79 (rc).zip</a> (84KB)<br/>
<a href="MAME Changes v0.78 (rc).zip">MAME Changes v0.78 (rc).zip</a> (60KB)<br/>
<a href="MAME Changes v0.77 (rc).zip">MAME Changes v0.77 (rc).zip</a> (128KB)<br/>
<a href="MAME Changes v0.76 (rc).zip">MAME Changes v0.76 (rc).zip</a> (20KB)<br/>
<a href="MAME Changes v0.75 (rc).zip">MAME Changes v0.75 (rc).zip</a> (208KB)<br/>
<a href="MAME Changes v0.74 (rc).zip">MAME Changes v0.74 (rc).zip</a> (16KB)<br/>
<a href="MAME Changes v0.73 (rc).zip">MAME Changes v0.73 (rc).zip</a> (32KB)<br/>
<a href="MAME Changes v0.72 (rc).zip">MAME Changes v0.72 (rc).zip</a> (48KB)<br/>
<a href="MAME Changes v0.71 (rc).zip">MAME Changes v0.71 (rc).zip</a> (44KB)<br/>
<a href="MAME Changes v0.70 (rc).zip">MAME Changes v0.70 (rc).zip</a> (36KB)<br/>
<a href="MAME Changes v0.69 (rc).zip">MAME Changes v0.69 (rc).zip</a> (108KB)<br/>
<a href="MAME Changes v0.68 (rc).zip">MAME Changes v0.68 (rc).zip</a> (148KB)<br/>
<a href="MAME Changes v0.67 (rc).zip">MAME Changes v0.67 (rc).zip</a> (32KB)<br/>
<a href="MAME Changes v0.66 (rc).zip">MAME Changes v0.66 (rc).zip</a> (32KB)<br/>
<a href="MAME Changes v0.65 (rc).zip">MAME Changes v0.65 (rc).zip</a> (32KB)<br/>
<a href="MAME Changes v0.64 (rc).zip">MAME Changes v0.64 (rc).zip</a> (36KB)<br/>
<a href="MAME Changes v0.63 (rc).zip">MAME Changes v0.63 (rc).zip</a> (76KB)<br/>
<a href="MAME Changes v0.62 (rc).zip">MAME Changes v0.62 (rc).zip</a> (136KB)<br/>
<a href="MAME Changes v0.61 (rc).zip">MAME Changes v0.61 (rc).zip</a> (100KB)<br/>
<a href="MAME Changes v0.60 (rc).zip">MAME Changes v0.60 (rc).zip</a> (104KB)<br/>
<a href="MAME Changes v0.59 (rc).zip">MAME Changes v0.59 (rc).zip</a> (180KB)<br/>
<a href="MAME Changes v0.58 (rc).zip">MAME Changes v0.58 (rc).zip</a> (28KB)<br/>
<a href="MAME Changes v0.57 (rc).zip">MAME Changes v0.57 (rc).zip</a> (84KB)<br/>
<a href="MAME Changes v0.56 (rc).zip">MAME Changes v0.56 (rc).zip</a> (128KB)<br/>
<a href="MAME Changes v0.55 (rc).zip">MAME Changes v0.55 (rc).zip</a> (32KB)<br/>
<a href="MAME Changes v0.54 (rc).zip">MAME Changes v0.54 (rc).zip</a> (12KB)<br/>
<a href="MAME Changes v0.53 (rc).zip">MAME Changes v0.53 (rc).zip</a> (104KB)<br/>
<a href="MAME Changes v0.37 beta 16 (rc).zip">MAME Changes v0.37 beta 16 (rc).zip</a> (68KB)<br/>
<a href="MAME Changes v0.37 beta 15 (rc).zip">MAME Changes v0.37 beta 15 (rc).zip</a> (72KB)<br/>
<a href="MAME Changes v0.37 beta 14 (rc).zip">MAME Changes v0.37 beta 14 (rc).zip</a> (44KB)<br/>
</td>
</tr></table>
