Archive:  /sites/logiqx.com/www/Dats/OlderEmus/Older Emus 20050104 (cm).zip
  Length     Date   Time    Name
 --------    ----   ----    ----
   169791  07-09-04 13:28   Multi/ACE v1.9.dat
    15280  07-09-04 13:28   Multi/Arcade Emulator v0.7.dat
     4559  01-04-05 17:29   Multi/ASTGL v0.9.dat
    26506  07-09-04 13:28   Multi/CAGE v1.07.dat
   608006  01-04-05 17:25   Multi/Calice v0.6.6.dat
      700  10-12-02 22:18   Multi/Calice v0.6.6.txt
    18571  01-04-05 17:24   Multi/Calice v0.6.6.zip
   115333  07-09-04 13:33   Multi/Callus v0.42.dat
   240848  07-09-04 13:45   Multi/Callus95 v0.42 + patch 2.4 (playable).dat
   172910  07-09-04 13:33   Multi/Callus95 v0.42 patch 2.4.dat
      714  04-15-01 10:39   Multi/Callus95 v0.42 patch 2.4.txt
     7149  07-09-04 13:33   Multi/Cinelator 95 Beta.dat
     3200  06-12-02 22:49   Multi/Cinelator 95 Beta.zip
     6832  07-09-04 13:28   Multi/CINEMU v1.2.dat
     6154  07-09-04 13:33   Multi/ClassicEmu v0.01.dat
   178537  09-24-04 12:16   Multi/CottAGE v0.12.dat
     6968  01-03-05 16:30   Multi/DSP v0.3 wip 6.dat
     4477  07-09-04 13:33   Multi/E++ v1.03.dat
     9557  07-09-04 13:33   Multi/EMU v2.3.dat
     2648  07-09-04 13:33   Multi/EmuDX v1.0.dat
    22752  11-24-04 11:04   Multi/Final Burn v0.518 (Fully-merged MAME Supplement).dat
    15522  11-24-04 11:04   Multi/Final Burn v0.518 (Fully-merged MAME Supplement).log
    33555  11-24-04 11:04   Multi/Final Burn v0.518 (Non-merged MAME Supplement).dat
    17824  11-24-04 11:04   Multi/Final Burn v0.518 (Non-merged MAME Supplement).log
    33054  11-24-04 11:04   Multi/Final Burn v0.518 (Split-merged MAME Supplement).dat
    17641  11-24-04 11:04   Multi/Final Burn v0.518 (Split-merged MAME Supplement).log
   132625  07-09-04 13:34   Multi/Final Burn v0.518.dat
      523  05-02-02 22:26   Multi/Final Burn v0.518.txt
    32240  07-09-04 13:34   Multi/GalEmu v40.9.dat
    60826  07-09-04 13:34   Multi/HiVE v1.04.dat
    12546  07-09-04 13:35   Multi/Impact Full List.dat
      763  07-09-04 13:35   Multi/Invader Saver v2.00a.dat
     4743  07-09-04 13:35   Multi/InvEmu v2.0.dat
     7428  07-09-04 13:34   Multi/INVMZ v0.05.dat
    12560  07-09-04 13:35   Multi/JAS v1.01.dat
     7202  11-26-04 10:50   Multi/JAS-SYS1 b1.2.dat
    26356  07-09-04 13:35   Multi/JFF v0.24.dat
    22681  07-09-04 13:35   Multi/Juno First v1.23.dat
    24619  07-09-04 13:35   Multi/KEM v1.1.dat
     3289  08-03-00 20:16   Multi/KEM v1.1.zip
     3335  07-09-04 13:35   Multi/Kong Emulator v0.2.dat
    52737  07-09-04 13:35   Multi/Laser v0.20a.dat
     9788  07-09-04 13:35   Multi/M-ulator v0.14.dat
    22222  07-09-04 13:35   Multi/M72 v0.33b.dat
    39264  07-09-04 13:35   Multi/MageX v0.8a.dat
     3107  07-09-04 13:35   Multi/Mapefer3 v0.8b.dat
     4141  07-09-04 13:35   Multi/MGE v0.471.dat
    41895  07-09-04 13:35   Multi/Mimic v2.11.dat
    37321  08-01-04 15:21   Multi/Modeler v0.9.3a (full sets).dat
    34595  07-09-04 13:35   Multi/Modeler v0.9.3a.dat
     4821  07-09-04 13:35   Multi/MultiPac v0.8.dat
     4769  07-09-04 13:35   Multi/Multiple Invaders v2.0.dat
     2853  11-24-04 11:04   Multi/Nebula Model 2 v0.9b (Fully-merged MAME Supplement).dat
     1518  11-24-04 11:04   Multi/Nebula Model 2 v0.9b (Fully-merged MAME Supplement).log
     3922  11-24-04 11:04   Multi/Nebula Model 2 v0.9b (Non-merged MAME Supplement).dat
     2077  11-24-04 11:04   Multi/Nebula Model 2 v0.9b (Non-merged MAME Supplement).log
     2853  11-24-04 11:04   Multi/Nebula Model 2 v0.9b (Split-merged MAME Supplement).dat
     1518  11-24-04 11:04   Multi/Nebula Model 2 v0.9b (Split-merged MAME Supplement).log
    56055  07-11-04 15:46   Multi/Nebula Model 2 v0.9b.dat
   194123  07-09-04 13:38   Multi/NeoRAGEx v0.6b.dat
    29269  01-04-05 17:29   Multi/OldSpark v0.3.dat
      574  07-09-04 13:38   Multi/Pac Saver v1.00a.dat
    38157  07-09-04 13:38   Multi/PASMulator v0.22.dat
    26101  07-09-04 13:38   Multi/PCSloMo v0.24 Final.dat
     2607  07-09-04 13:38   Multi/Phoenix Emulator v1.03.dat
    35930  07-09-04 13:38   Multi/RAGE v0.9.dat
   180409  07-09-04 13:38   Multi/Replay v0.04.dat
    18257  07-09-04 13:38   Multi/Replay+ v1.00.dat
   125033  07-09-04 13:38   Multi/Retrocade v1.2 b2.dat
    20781  07-09-04 13:38   Multi/Retrovaders v1.02.dat
     4286  07-09-04 13:38   Multi/Rock-ulator v0.86.dat
    25968  07-09-04 13:38   Multi/Rockulator++ v0.98a.dat
    10434  07-09-04 13:38   Multi/S11Emu v0.2.dat
    26663  07-09-04 13:38   Multi/SAGE v1.16.dat
     4453  07-09-04 13:38   Multi/Sega System 24 Emulator 20030208.dat
     9355  07-09-04 13:38   Multi/Sega System C2 Emulator v0.2b.dat
    28809  07-09-04 13:38   Multi/Shark v3.1f.dat
    11699  07-09-04 13:38   Multi/Sideway v0.22a.dat
     1609  07-09-04 13:43   Multi/SIEmu v1.03.dat
    15674  07-11-04 17:54   Multi/SledgeHammer v0.02.dat
     4029  07-09-04 13:38   Multi/Small Space Invaders v1.2.dat
     5891  07-09-04 13:38   Multi/SNAME v0.2.dat
     4034  07-09-04 13:38   Multi/Space Invader Emulator v1.00.dat
     4741  07-09-04 13:38   Multi/SPADERS v0.76.dat
    48850  07-09-04 13:38   Multi/Sparcade v2.25.dat
    52312  07-09-04 13:38   Multi/Sparcade v2.33b.dat
    68153  07-09-04 13:38   Multi/System 16 (last beta) + cabSystem16.dat
    70010  07-09-04 13:38   Multi/System 16 v0.82a.dat
     2432  07-09-04 13:38   Multi/System 8 v0.61b.dat
     1608  07-09-04 13:38   Multi/The Arcade Machine.dat
     2569  07-09-04 13:38   Multi/U64Emu v3.05.dat
     2320  10-14-01 12:40   Multi/U64Emu v3.05.txt
    99761  09-24-04 12:13   Multi/VAntAGE v1.11.dat
      763  07-09-04 13:39   Multi/VBEmu Screen Saver v1.01a.dat
     1216  07-09-04 13:39   Multi/VBEmu v1.00a.dat
     1648  07-09-04 13:39   Multi/VBPac v0.10a.dat
     5010  07-09-04 13:39   Multi/Vector Dream v2.3.dat
    24098  07-09-04 13:39   Multi/Virtua.dat
     1508  07-09-04 13:39   Multi/Virtual PCB v0.4.dat
    17059  07-11-04 17:56   Multi/Viva Nonno v22.0.3.dat
     4956  07-09-04 13:39   Multi/Winvader v1.0.dat
    19736  07-09-04 13:39   Multi/Xcade v0.85.dat
    10402  07-09-04 13:39   Multi/xDragon v0.30.dat
    12089  07-09-04 13:39   Multi/XPac Beta 1-2-3.dat
    21382  07-09-04 13:39   Multi/YAAME v0.3.dat
     3461  07-09-04 13:39   Multi/ZEM v0.001.dat
    52307  01-04-05 17:34   Notes.html
     2824  07-09-04 12:06   Single/1942 Arcade Machine Emulator v0.5.dat
    19523  07-09-04 12:06   Single/AMOAD I - XXII.dat
      759  07-09-04 12:06   Single/Annoid v1.0.dat
      834  07-09-04 12:06   Single/AsciiPac.dat
      637  07-09-04 12:06   Single/Ast3DX v1.0.dat
      635  07-09-04 12:06   Single/AstDX v2.0.dat
     1247  07-09-04 12:06   Single/Asteroids Emulator v3.02.dat
     1773  07-09-04 12:06   Single/Bombjack PC v1.1.dat
     2735  07-09-04 12:06   Single/Boo! v1.00.dat
     1717  07-09-04 12:06   Single/Btishger v0.31.dat
      851  07-09-04 12:06   Single/Centipede Emulator v0.2.dat
     1493  07-09-04 12:06   Single/ChopSuey v0.3333.dat
     1353  07-09-04 12:06   Single/City Connection Emulator v2.4.dat
     1712  07-09-04 12:06   Single/Cloak and Dag-ulator v0.60.dat
     2755  07-09-04 12:06   Single/Crazy Climber Arcade Machine Emulator v0.6.dat
     1558  07-09-04 12:06   Single/Crazy Kong Emu Rev 961020.dat
     1532  07-09-04 12:06   Single/Diamond Run Arcade Machine Emulator v0.22.dat
     6438  07-09-04 12:06   Single/DTmnt v0.55 Beta.dat
     2215  07-09-04 12:06   Single/Escuela de Combate v0.1.dat
     2292  07-09-04 12:06   Single/Final Pengo Emulator v1.0.dat
     1123  07-09-04 12:06   Single/Gekko Teaser.dat
     1898  07-09-04 12:06   Single/GEM - Ghosts n Goblins Emulator.dat
     1913  07-09-04 12:06   Single/Ghosts n Goblins Arcade Machine Emulator v0.32.dat
     1949  07-09-04 12:06   Single/Grytra v1.0.dat
     1327  07-09-04 12:06   Single/Gyruss Emulator v0.04 (beta 1).dat
     1417  07-09-04 12:06   Single/I, Robot - The Emulator v0.98.dat
     2093  07-09-04 12:06   Single/Ikari Warriors Emulator v0.49b.dat
     1332  07-09-04 12:06   Single/JABAWAPE v0.8.dat
     1241  07-09-04 12:06   Single/JAS-Dig Dug 2 v1.00.dat
     2046  07-09-04 12:06   Single/JAS-Gaplus v1.4 beta.dat
     1308  07-09-04 12:06   Single/JAS-Mappy v1.0.dat
     1166  07-09-04 12:06   Single/JAS-Super Pacman v1.01.dat
      583  07-09-04 12:06   Single/Jump Bug Emulator v0.50.dat
     1281  07-09-04 12:06   Single/Kung Fu Master v0.0000001a.dat
     1191  07-09-04 12:06   Single/Lady Bug Arcade Machine Emulator v0.5.dat
     1182  07-09-04 12:06   Single/Lady Bug v1.3.dat
     1423  07-09-04 12:06   Single/Les v0.dat
     2605  07-09-04 12:06   Single/Marble Madness Emulator v0.2 beta.dat
      829  07-09-04 12:06   Single/MCEmu v0.85.dat
     1026  07-09-04 12:06   Single/MHEMU v1.0.dat
     4782  07-09-04 12:06   Single/Mikie.dat
      841  07-09-04 12:06   Single/milliEmu v0.0.2.dat
      838  07-09-04 12:06   Single/Millipede Emulator v0.2.dat
     1121  07-09-04 12:06   Single/Mini-Pac v1.0.dat
      859  07-09-04 12:06   Single/Missile Command Emulator v1.0.dat
     1375  07-09-04 12:06   Single/Moon Cresta Emulator.dat
     2219  07-09-04 12:06   Single/Mr. Do! Arcade Machine Emulator.dat
     1117  07-09-04 12:06   Single/Mr. Do! Run Run v1.2.dat
     1150  07-09-04 12:06   Single/Mr. Do! v2.1.dat
     1076  07-09-04 12:06   Single/Mr. Do!'s Castle v2.0.dat
     1080  07-09-04 12:06   Single/Mr. Do!'s Wild Ride Beta 1.2.dat
     1817  07-09-04 12:06   Single/Naughty Boy Emulator Beta 1.05.dat
     1138  07-09-04 12:06   Single/Nemesis Emulator v0.99.dat
     8981  07-09-04 12:06   Single/Pac-X v0.2.dat
      833  07-09-04 12:06   Single/PacDX v1.0.dat
     2300  07-09-04 12:06   Single/Pengo Arcade Machine Emulator v0.5.dat
     1324  07-09-04 12:06   Single/Penix v3.dat
     1450  07-09-04 12:06   Single/Phoenix Arcade Machine Emulator v0.1.dat
     1438  07-09-04 12:06   Single/Phoenix Emulator 980813.dat
     1281  07-09-04 12:06   Single/Pooyan Arcade Machine Emulator.dat
     1151  07-09-04 12:06   Single/Qbert Emulation Project v0.0000001 Beta.dat
     1598  07-09-04 12:06   Single/Qix Emulator v0.1.dat
      776  07-09-04 12:06   Single/Rally X Arcade Machine Emulator.dat
     1981  07-09-04 12:06   Single/REM! v0.9c.dat
     1988  07-09-04 12:06   Single/Rishgar v0.92b.dat
      856  07-09-04 12:06   Single/Salamander Arcade Emulator Preview.dat
     1994  07-09-04 12:06   Single/Sega System 16 v1.0.dat
    39807  07-09-04 12:06   Single/Sil's Single Emulator v2.0.dat
      638  07-09-04 12:06   Single/Sinvader.dat
     2584  07-09-04 12:06   Single/Slutte! (Bligh version).dat
     1087  07-09-04 12:06   Single/SonSon Emulator v0.1.dat
      687  07-09-04 12:06   Single/Space Invaders - The Emulator v1.0.dat
     1165  07-09-04 12:06   Single/The End.dat
     1282  07-09-04 12:06   Single/The NewZealand Story.dat
     2756  07-09-04 12:06   Single/Thunder Beta 4.dat
      899  07-09-04 12:06   Single/Time Pilot Emulator v0.02 (beta 1).dat
     4599  07-09-04 12:06   Single/TinyEmu.dat
     1612  07-09-04 12:06   Single/TMNT v0.7 beta.dat
     4210  07-09-04 12:06   Single/TNZS-EMU v2.10b.dat
     2312  07-09-04 12:06   Single/Toki.dat
     1910  07-09-04 12:06   Single/Tutankam Emulator v0.02b.dat
     1474  07-09-04 12:06   Single/VASTAR Emulator v0.51.dat
      895  07-09-04 12:06   Single/VisualAM Arcade Machine Emulator v0.0.1.dat
     1864  07-09-04 12:06   Single/VULGUS Arcade Machine Emulator v0.2.dat
     5609  07-09-04 12:06   Single/WinGorf v1.3.1.dat
     5601  07-09-04 12:06   Single/Xain'D Sleena v1.0.dat
     3298  07-09-04 12:06   Single/Xevious Emulator Demo v1.6.dat
      934  07-09-04 12:06   Single/Xor World Emulator v0.01.dat
     1144  07-09-04 12:06   Single/Yie Ar Kung-Fu Emulator v0.48.dat
     1673  07-09-04 11:50   Sound/Bally-Midway Sounds Good Emulator v0.2.dat
     4398  07-09-04 11:50   Sound/FM-EMU v0.1.dat
     4552  07-09-04 11:50   Sound/GXP v0.1.dat
    94868  07-09-04 11:50   Sound/Hoot 20011002.dat
    36985  07-09-04 11:50   Sound/MMSnd v0.36b10.dat
    84195  01-04-05 17:35   Sound/NeoJukeBox v2.7.dat
     3718  01-03-05 10:34   Sound/Playscott v1.2.dat
    19061  07-27-04 21:48   Sound/QPlayer v1.4.3.dat
    11920  08-01-04 15:16   Sound/QSound Player v2.dat
     2222  07-09-04 11:50   Sound/System 16 Sound Player.dat
    27355  07-09-04 11:50   Sound/tROMbone v0.11.dat
 --------                   -------
  4277310                   207 files
