Archive:  /sites/logiqx.com/www/Dats/OlderEmus/Older Emus 20050104 (rc).zip
  Length     Date   Time    Name
 --------    ----   ----    ----
   208746  07-11-04 17:58   Multi/ACE v1.9.dat
    11165  07-09-04 14:02   Multi/Arcade Emulator v0.7.dat
     3810  01-04-05 18:13   Multi/ASTGL v0.9.dat
    20789  07-09-04 14:02   Multi/CAGE v1.07.dat
   681793  01-04-05 18:11   Multi/Calice v0.6.6.dat
      700  10-12-02 22:18   Multi/Calice v0.6.6.txt
    18571  01-04-05 17:24   Multi/Calice v0.6.6.zip
   118137  07-09-04 14:02   Multi/Callus v0.42.dat
   267615  07-09-04 14:02   Multi/Callus95 v0.42 + patch 2.4 (playable).dat
   179487  07-09-04 14:02   Multi/Callus95 v0.42 patch 2.4.dat
      714  04-15-01 10:39   Multi/Callus95 v0.42 patch 2.4.txt
     4291  07-09-04 14:02   Multi/Cinelator 95 Beta.dat
     3200  06-12-02 22:49   Multi/Cinelator 95 Beta.zip
     4060  07-09-04 14:02   Multi/CINEMU v1.2.dat
     4394  07-09-04 14:02   Multi/ClassicEmu v0.01.dat
   144108  10-25-04 17:04   Multi/CottAGE v0.12.dat
     5771  01-03-05 16:30   Multi/DSP v0.3 wip 6.dat
     3489  07-09-04 14:02   Multi/E++ v1.03.dat
     7396  07-09-04 14:02   Multi/EMU v2.3.dat
     1677  07-09-04 14:02   Multi/EmuDX v1.0.dat
    30109  01-04-05 18:11   Multi/Final Burn v0.518 (Fully-merged MAME Supplement).dat
    15522  01-04-05 18:11   Multi/Final Burn v0.518 (Fully-merged MAME Supplement).log
    30633  01-04-05 18:11   Multi/Final Burn v0.518 (Non-merged MAME Supplement).dat
    17824  01-04-05 18:11   Multi/Final Burn v0.518 (Non-merged MAME Supplement).log
    31321  01-04-05 18:11   Multi/Final Burn v0.518 (Split-merged MAME Supplement).dat
    17641  01-04-05 18:11   Multi/Final Burn v0.518 (Split-merged MAME Supplement).log
   139141  07-11-04 17:58   Multi/Final Burn v0.518.dat
      523  02-05-04 12:59   Multi/Final Burn v0.518.txt
    27903  07-09-04 14:02   Multi/GalEmu v40.9.dat
    39217  07-09-04 14:02   Multi/HiVE v1.04.dat
    11204  07-09-04 14:02   Multi/Impact Full List.dat
      513  07-09-04 14:02   Multi/Invader Saver v2.00a.dat
     3398  07-09-04 14:02   Multi/InvEmu v2.0.dat
     5190  07-09-04 14:02   Multi/INVMZ v0.05.dat
     8385  07-09-04 14:02   Multi/JAS v1.01.dat
     6040  11-26-04 10:51   Multi/JAS-SYS1 b1.2.dat
    19050  07-09-04 14:02   Multi/JFF v0.24.dat
    14445  07-09-04 14:02   Multi/Juno First v1.23.dat
    18126  07-09-04 14:02   Multi/KEM v1.1.dat
     3289  08-03-00 20:16   Multi/KEM v1.1.zip
     2661  07-09-04 14:02   Multi/Kong Emulator v0.2.dat
    37249  07-11-04 17:58   Multi/Laser v0.20a.dat
     7982  07-09-04 14:02   Multi/M-ulator v0.14.dat
    17870  07-09-04 14:02   Multi/M72 v0.33b.dat
    26680  07-09-04 14:02   Multi/MageX v0.8a.dat
     2785  07-09-04 14:02   Multi/Mapefer3 v0.8b.dat
     2823  07-09-04 14:02   Multi/MGE v0.471.dat
    32201  07-11-04 17:58   Multi/Mimic v2.11.dat
    30996  08-01-04 15:41   Multi/Modeler v0.9.3a (full sets).dat
    28782  07-11-04 17:58   Multi/Modeler v0.9.3a.dat
     3984  07-09-04 14:02   Multi/MultiPac v0.8.dat
     3478  07-09-04 14:02   Multi/Multiple Invaders v2.0.dat
     2825  01-04-05 18:11   Multi/Nebula Model 2 v0.9b (Fully-merged MAME Supplement).dat
     1518  01-04-05 18:11   Multi/Nebula Model 2 v0.9b (Fully-merged MAME Supplement).log
     4301  01-04-05 18:11   Multi/Nebula Model 2 v0.9b (Non-merged MAME Supplement).dat
     2077  01-04-05 18:11   Multi/Nebula Model 2 v0.9b (Non-merged MAME Supplement).log
     2825  01-04-05 18:11   Multi/Nebula Model 2 v0.9b (Split-merged MAME Supplement).dat
     1518  01-04-05 18:11   Multi/Nebula Model 2 v0.9b (Split-merged MAME Supplement).log
    61752  10-25-04 17:04   Multi/Nebula Model 2 v0.9b.dat
   212679  07-09-04 14:02   Multi/NeoRAGEx v0.6b.dat
    20249  01-04-05 18:13   Multi/OldSpark v0.3.dat
      410  07-09-04 14:02   Multi/Pac Saver v1.00a.dat
    29549  07-09-04 14:02   Multi/PASMulator v0.22.dat
    19227  07-09-04 14:02   Multi/PCSloMo v0.24 Final.dat
     2144  07-09-04 14:02   Multi/Phoenix Emulator v1.03.dat
    29587  07-09-04 14:02   Multi/RAGE v0.9.dat
   135845  07-09-04 14:02   Multi/Replay v0.04.dat
    12690  07-09-04 14:02   Multi/Replay+ v1.00.dat
    78806  07-09-04 14:02   Multi/Retrocade v1.2 b2.dat
    11976  07-09-04 14:02   Multi/Retrovaders v1.02.dat
     3289  07-09-04 14:02   Multi/Rock-ulator v0.86.dat
    20017  07-09-04 14:02   Multi/Rockulator++ v0.98a.dat
     9506  07-09-04 14:02   Multi/S11Emu v0.2.dat
    19965  07-09-04 14:02   Multi/SAGE v1.16.dat
     3452  07-11-04 17:58   Multi/Sega System 24 Emulator 20030208.dat
     8542  07-09-04 14:02   Multi/Sega System C2 Emulator v0.2b.dat
    21563  07-09-04 14:02   Multi/Shark v3.1f.dat
     7469  07-09-04 14:02   Multi/Sideway v0.22a.dat
     1217  07-09-04 14:02   Multi/SIEmu v1.03.dat
    11866  07-11-04 17:58   Multi/SledgeHammer v0.02.dat
     2922  07-09-04 14:02   Multi/Small Space Invaders v1.2.dat
     4468  07-09-04 14:02   Multi/SNAME v0.2.dat
     2927  07-09-04 14:02   Multi/Space Invader Emulator v1.00.dat
     3459  07-09-04 14:02   Multi/SPADERS v0.76.dat
    35762  07-09-04 14:02   Multi/Sparcade v2.25.dat
    39295  07-09-04 14:02   Multi/Sparcade v2.33b.dat
    53625  07-09-04 14:02   Multi/System 16 (last beta) + cabSystem16.dat
    49703  07-09-04 14:02   Multi/System 16 v0.82a.dat
     2252  07-09-04 14:02   Multi/System 8 v0.61b.dat
     1171  07-09-04 14:02   Multi/The Arcade Machine.dat
     2210  07-11-04 17:58   Multi/U64Emu v3.05.dat
     2320  10-14-01 12:40   Multi/U64Emu v3.05.txt
    73389  10-25-04 17:06   Multi/VAntAGE v1.11.dat
      513  07-09-04 14:02   Multi/VBEmu Screen Saver v1.01a.dat
     1020  07-09-04 14:02   Multi/VBEmu v1.00a.dat
     1240  07-09-04 14:02   Multi/VBPac v0.10a.dat
     3910  07-09-04 14:02   Multi/Vector Dream v2.3.dat
    19332  07-09-04 14:02   Multi/Virtua.dat
     1231  07-09-04 14:02   Multi/Virtual PCB v0.4.dat
    14627  07-11-04 17:58   Multi/Viva Nonno v22.0.3.dat
     3861  07-09-04 14:02   Multi/Winvader v1.0.dat
    15430  07-09-04 14:02   Multi/Xcade v0.85.dat
    10108  07-09-04 14:02   Multi/xDragon v0.30.dat
     9516  07-09-04 14:02   Multi/XPac Beta 1-2-3.dat
    16935  07-09-04 14:02   Multi/YAAME v0.3.dat
     3244  07-09-04 14:02   Multi/ZEM v0.001.dat
    52307  01-04-05 17:34   Notes.html
     2037  07-09-04 14:02   Single/1942 Arcade Machine Emulator v0.5.dat
    18740  07-09-04 14:02   Single/AMOAD I - XXII.dat
      834  07-09-04 14:02   Single/Annoid v1.0.dat
      778  07-09-04 14:02   Single/AsciiPac.dat
      581  07-09-04 14:02   Single/Ast3DX v1.0.dat
      579  07-09-04 14:02   Single/AstDX v2.0.dat
      963  07-09-04 14:02   Single/Asteroids Emulator v3.02.dat
     1584  07-09-04 14:02   Single/Bombjack PC v1.1.dat
     2487  07-09-04 14:02   Single/Boo! v1.00.dat
     1365  07-09-04 14:02   Single/Btishger v0.31.dat
      828  07-09-04 14:02   Single/Centipede Emulator v0.2.dat
     1439  07-09-04 14:02   Single/ChopSuey v0.3333.dat
     1321  07-09-04 14:02   Single/City Connection Emulator v2.4.dat
     1359  07-09-04 14:02   Single/Cloak and Dag-ulator v0.60.dat
     2625  07-09-04 14:02   Single/Crazy Climber Arcade Machine Emulator v0.6.dat
     1658  07-09-04 14:02   Single/Crazy Kong Emu Rev 961020.dat
     1172  07-09-04 14:02   Single/Diamond Run Arcade Machine Emulator v0.22.dat
     7887  07-09-04 14:02   Single/DTmnt v0.55 Beta.dat
     2213  07-09-04 14:02   Single/Escuela de Combate v0.1.dat
     2054  07-09-04 14:02   Single/Final Pengo Emulator v1.0.dat
      861  07-09-04 14:02   Single/Gekko Teaser.dat
     1993  07-09-04 14:02   Single/GEM - Ghosts n Goblins Emulator.dat
     1975  07-09-04 14:02   Single/Ghosts n Goblins Arcade Machine Emulator v0.32.dat
     1842  07-09-04 14:02   Single/Grytra v1.0.dat
     1154  07-09-04 14:02   Single/Gyruss Emulator v0.04 (beta 1).dat
     1018  07-09-04 14:02   Single/I, Robot - The Emulator v0.98.dat
     2247  07-09-04 14:02   Single/Ikari Warriors Emulator v0.49b.dat
     1141  07-09-04 14:02   Single/JABAWAPE v0.8.dat
     1117  07-09-04 14:02   Single/JAS-Dig Dug 2 v1.00.dat
     1640  07-09-04 14:02   Single/JAS-Gaplus v1.4 beta.dat
     1028  07-09-04 14:02   Single/JAS-Mappy v1.0.dat
     1113  07-09-04 14:02   Single/JAS-Super Pacman v1.01.dat
      614  07-09-04 14:02   Single/Jump Bug Emulator v0.50.dat
     1396  07-09-04 14:02   Single/Kung Fu Master v0.0000001a.dat
      873  07-09-04 14:02   Single/Lady Bug Arcade Machine Emulator v0.5.dat
      864  07-09-04 14:02   Single/Lady Bug v1.3.dat
     1237  07-09-04 14:02   Single/Les v0.dat
     2462  07-09-04 14:02   Single/Marble Madness Emulator v0.2 beta.dat
      806  07-09-04 14:02   Single/MCEmu v0.85.dat
      926  07-09-04 14:02   Single/MHEMU v1.0.dat
     3430  07-09-04 14:02   Single/Mikie.dat
      675  07-09-04 14:02   Single/milliEmu v0.0.2.dat
      672  07-09-04 14:02   Single/Millipede Emulator v0.2.dat
     1044  07-09-04 14:02   Single/Mini-Pac v1.0.dat
      834  07-09-04 14:02   Single/Missile Command Emulator v1.0.dat
     1319  07-09-04 14:02   Single/Moon Cresta Emulator.dat
     1485  07-09-04 14:02   Single/Mr. Do! Arcade Machine Emulator.dat
     1034  07-09-04 14:02   Single/Mr. Do! Run Run v1.2.dat
      892  07-09-04 14:02   Single/Mr. Do! v2.1.dat
     1061  07-09-04 14:02   Single/Mr. Do!'s Castle v2.0.dat
      946  07-09-04 14:02   Single/Mr. Do!'s Wild Ride Beta 1.2.dat
     1912  07-09-04 14:02   Single/Naughty Boy Emulator Beta 1.05.dat
     1009  07-09-04 14:02   Single/Nemesis Emulator v0.99.dat
     7108  07-09-04 14:02   Single/Pac-X v0.2.dat
      777  07-09-04 14:02   Single/PacDX v1.0.dat
     2211  07-09-04 14:02   Single/Pengo Arcade Machine Emulator v0.5.dat
     1133  07-09-04 14:02   Single/Penix v3.dat
     1235  07-09-04 14:02   Single/Phoenix Arcade Machine Emulator v0.1.dat
     1267  07-09-04 14:02   Single/Phoenix Emulator 980813.dat
     1043  07-09-04 14:02   Single/Pooyan Arcade Machine Emulator.dat
      952  07-09-04 14:02   Single/Qbert Emulation Project v0.0000001 Beta.dat
     1080  07-09-04 14:02   Single/Qix Emulator v0.1.dat
      580  07-09-04 14:02   Single/Rally X Arcade Machine Emulator.dat
     1631  07-09-04 14:02   Single/REM! v0.9c.dat
     1638  07-09-04 14:02   Single/Rishgar v0.92b.dat
      700  07-09-04 14:02   Single/Salamander Arcade Emulator Preview.dat
     1678  07-09-04 14:02   Single/Sega System 16 v1.0.dat
    28931  07-09-04 14:02   Single/Sil's Single Emulator v2.0.dat
      560  07-09-04 14:02   Single/Sinvader.dat
     2683  07-09-04 14:02   Single/Slutte! (Bligh version).dat
      771  07-09-04 14:02   Single/SonSon Emulator v0.1.dat
      607  07-09-04 14:02   Single/Space Invaders - The Emulator v1.0.dat
      946  07-09-04 14:02   Single/The End.dat
     1279  07-09-04 14:02   Single/The NewZealand Story.dat
     3070  07-09-04 14:02   Single/Thunder Beta 4.dat
      703  07-09-04 14:02   Single/Time Pilot Emulator v0.02 (beta 1).dat
     3745  07-11-04 17:58   Single/TinyEmu.dat
     2039  07-09-04 14:02   Single/TMNT v0.7 beta.dat
     4836  07-09-04 14:02   Single/TNZS-EMU v2.10b.dat
     1798  07-09-04 14:02   Single/Toki.dat
     1692  07-09-04 14:02   Single/Tutankam Emulator v0.02b.dat
      987  07-09-04 14:02   Single/VASTAR Emulator v0.51.dat
      870  07-09-04 14:02   Single/VisualAM Arcade Machine Emulator v0.0.1.dat
     1532  07-09-04 14:02   Single/VULGUS Arcade Machine Emulator v0.2.dat
     1153  07-09-04 14:02   Single/WinGorf v1.3.1.dat
     4567  07-09-04 14:02   Single/Xain'D Sleena v1.0.dat
     2634  07-09-04 14:02   Single/Xevious Emulator Demo v1.6.dat
      894  07-09-04 14:02   Single/Xor World Emulator v0.01.dat
     1064  07-09-04 14:02   Single/Yie Ar Kung-Fu Emulator v0.48.dat
     1394  07-09-04 14:02   Sound/Bally-Midway Sounds Good Emulator v0.2.dat
     2369  07-09-04 14:02   Sound/FM-EMU v0.1.dat
     4289  07-09-04 14:02   Sound/GXP v0.1.dat
    72907  07-11-04 17:58   Sound/Hoot 20011002.dat
    27583  07-09-04 14:02   Sound/MMSnd v0.36b10.dat
    85017  01-04-05 18:13   Sound/NeoJukeBox v2.7.dat
     3048  01-03-05 10:42   Sound/Playscott v1.2.dat
    19110  08-01-04 15:36   Sound/QPlayer v1.4.3.dat
    13128  08-01-04 15:36   Sound/QSound Player v2.dat
     1336  07-09-04 14:02   Sound/System 16 Sound Player.dat
    17168  07-09-04 14:02   Sound/tROMbone v0.11.dat
 --------                   -------
  3923386                   207 files
